<?xml version="1.0" encoding="UTF-8"?>
<!-- Generated by org.testng.reporters.JUnitXMLReporter -->
<testsuite hostname="Lenovo-PC" ignored="0" name="FF Test" tests="2" failures="2" timestamp="17 May 2021 02:02:58 GMT" time="147.953" errors="0">
  <testcase name="@AfterMethod browserClose" time="0.0" classname="com.cigna.testcases.TC001">
    <failure type="java.lang.NullPointerException">
      <![CDATA[java.lang.NullPointerException
	at com.cigna.testcases.TC001.browserClose(TC001.java:42)
... Removed 27 stack frames]]>
    </failure>
  </testcase> <!-- @AfterMethod browserClose -->
  <testcase name="@AfterMethod browserClose" time="0.0" classname="com.cigna.testcases.TC002">
    <failure type="java.lang.NullPointerException">
      <![CDATA[java.lang.NullPointerException
	at com.cigna.testcases.TC002.browserClose(TC002.java:41)
... Removed 27 stack frames]]>
    </failure>
  </testcase> <!-- @AfterMethod browserClose -->
  <testcase name="tc001" time="147.819" classname="com.cigna.testcases.TC001">
    <failure type="java.lang.IllegalStateException" message="The path to the driver executable must be set by the webdriver.chrome.driver system property; for more information, see https://github.com/SeleniumHQ/selenium/wiki/ChromeDriver. The latest version can be downloaded from http://chromedriver.storage.googleapis.com/index.html">
      <![CDATA[java.lang.IllegalStateException: The path to the driver executable must be set by the webdriver.chrome.driver system property; for more information, see https://github.com/SeleniumHQ/selenium/wiki/ChromeDriver. The latest version can be downloaded from http://chromedriver.storage.googleapis.com/index.html
	at com.google.common.base.Preconditions.checkState(Preconditions.java:847)
	at org.openqa.selenium.remote.service.DriverService.findExecutable(DriverService.java:134)
	at org.openqa.selenium.chrome.ChromeDriverService.access$000(ChromeDriverService.java:35)
	at org.openqa.selenium.chrome.ChromeDriverService$Builder.findDefaultExecutable(ChromeDriverService.java:159)
	at org.openqa.selenium.remote.service.DriverService$Builder.build(DriverService.java:355)
	at org.openqa.selenium.chrome.ChromeDriverService.createDefaultService(ChromeDriverService.java:94)
	at org.openqa.selenium.chrome.ChromeDriver.<init>(ChromeDriver.java:123)
	at com.cigna.commons.OpenBrowser.browserOpen(OpenBrowser.java:29)
	at com.cigna.testcases.TC001.tc001(TC001.java:30)
... Removed 25 stack frames]]>
    </failure>
  </testcase> <!-- tc001 -->
  <testcase name="tc002" time="0.013" classname="com.cigna.testcases.TC002">
    <failure type="java.lang.IllegalStateException" message="The path to the driver executable must be set by the webdriver.chrome.driver system property; for more information, see https://github.com/SeleniumHQ/selenium/wiki/ChromeDriver. The latest version can be downloaded from http://chromedriver.storage.googleapis.com/index.html">
      <![CDATA[java.lang.IllegalStateException: The path to the driver executable must be set by the webdriver.chrome.driver system property; for more information, see https://github.com/SeleniumHQ/selenium/wiki/ChromeDriver. The latest version can be downloaded from http://chromedriver.storage.googleapis.com/index.html
	at com.google.common.base.Preconditions.checkState(Preconditions.java:847)
	at org.openqa.selenium.remote.service.DriverService.findExecutable(DriverService.java:134)
	at org.openqa.selenium.chrome.ChromeDriverService.access$000(ChromeDriverService.java:35)
	at org.openqa.selenium.chrome.ChromeDriverService$Builder.findDefaultExecutable(ChromeDriverService.java:159)
	at org.openqa.selenium.remote.service.DriverService$Builder.build(DriverService.java:355)
	at org.openqa.selenium.chrome.ChromeDriverService.createDefaultService(ChromeDriverService.java:94)
	at org.openqa.selenium.chrome.ChromeDriver.<init>(ChromeDriver.java:123)
	at com.cigna.commons.OpenBrowser.browserOpen(OpenBrowser.java:29)
	at com.cigna.testcases.TC002.tc002(TC002.java:32)
... Removed 25 stack frames]]>
    </failure>
  </testcase> <!-- tc002 -->
</testsuite> <!-- FF Test -->
