<?xml version="1.0" encoding="UTF-8"?>
<testng-results skipped="0" failed="0" ignored="0" total="1" passed="1">
  <reporter-output>
    <line>
      <![CDATA[chrome is opened]]>
    </line>
  </reporter-output>
  <suite name="Suite" duration-ms="218308" started-at="2021-05-14T02:39:44Z" finished-at="2021-05-14T02:43:23Z">
    <groups>
    </groups>
    <test name="Test" duration-ms="218308" started-at="2021-05-14T02:39:44Z" finished-at="2021-05-14T02:43:23Z">
      <class name="com.cigna.testcases.TC001">
        <test-method status="PASS" signature="tc001()[pri:0, instance:com.cigna.testcases.TC001@d1ad2e]" name="tc001" duration-ms="218232" started-at="2021-05-14T08:09:44Z" finished-at="2021-05-14T08:13:23Z">
          <reporter-output>
            <line>
              <![CDATA[chrome is opened]]>
            </line>
          </reporter-output>
        </test-method> <!-- tc001 -->
      </class> <!-- com.cigna.testcases.TC001 -->
    </test> <!-- Test -->
  </suite> <!-- Suite -->
</testng-results>
